mode: atomic
github.com/dev-jpnobrega/workout-domain/src/command/create-client.command.go:15.77,19.2 1 1
github.com/dev-jpnobrega/workout-domain/src/command/create-client.command.go:23.3,27.23 3 2
github.com/dev-jpnobrega/workout-domain/src/command/create-client.command.go:27.23,31.3 2 0
github.com/dev-jpnobrega/workout-domain/src/command/create-client.command.go:33.2,35.16 2 2
github.com/dev-jpnobrega/workout-domain/src/command/create-client.command.go:35.16,37.3 1 1
github.com/dev-jpnobrega/workout-domain/src/command/create-client.command.go:39.2,42.8 3 1
github.com/dev-jpnobrega/workout-domain/src/command/get-client.command.go:13.74,17.2 1 1
github.com/dev-jpnobrega/workout-domain/src/command/get-client.command.go:21.3,26.16 3 2
github.com/dev-jpnobrega/workout-domain/src/command/get-client.command.go:26.16,28.3 1 1
github.com/dev-jpnobrega/workout-domain/src/command/get-client.command.go:30.2,33.8 3 1
github.com/dev-jpnobrega/workout-domain/src/command/put-client-command.go:14.74,18.2 1 1
github.com/dev-jpnobrega/workout-domain/src/command/put-client-command.go:22.3,27.16 3 2
github.com/dev-jpnobrega/workout-domain/src/command/put-client-command.go:27.16,29.3 1 1
github.com/dev-jpnobrega/workout-domain/src/command/put-client-command.go:31.2,34.8 3 1
github.com/dev-jpnobrega/workout-domain/src/contract/valueObject/data-value-result.go:34.87,43.2 4 3
github.com/dev-jpnobrega/workout-domain/src/contract/valueObject/data-value-result.go:45.74,52.2 2 1
github.com/dev-jpnobrega/workout-domain/src/entity/client.entity.go:22.32,24.2 1 2
github.com/dev-jpnobrega/workout-domain/src/entity/user.entity.go:17.31,19.2 1 0
