mode: set
github.com/dev-jpnobrega/workout-domain/src/command/create-client.command.go:15.77,19.2 1 0
github.com/dev-jpnobrega/workout-domain/src/command/create-client.command.go:23.3,29.16 4 1
github.com/dev-jpnobrega/workout-domain/src/command/create-client.command.go:29.16,31.3 1 0
github.com/dev-jpnobrega/workout-domain/src/command/create-client.command.go:33.2,36.8 3 1
github.com/dev-jpnobrega/workout-domain/src/command/get-client.command.go:13.74,17.2 1 0
github.com/dev-jpnobrega/workout-domain/src/command/get-client.command.go:21.3,26.16 3 0
github.com/dev-jpnobrega/workout-domain/src/command/get-client.command.go:26.16,28.3 1 0
github.com/dev-jpnobrega/workout-domain/src/command/get-client.command.go:30.2,33.8 3 0
github.com/dev-jpnobrega/workout-domain/src/command/put-client-command.go:14.74,18.2 1 0
github.com/dev-jpnobrega/workout-domain/src/command/put-client-command.go:22.3,27.16 3 0
github.com/dev-jpnobrega/workout-domain/src/command/put-client-command.go:27.16,29.3 1 0
github.com/dev-jpnobrega/workout-domain/src/command/put-client-command.go:31.2,34.8 3 0
github.com/dev-jpnobrega/workout-domain/src/contract/valueObject/data-value-result.go:34.87,43.2 4 0
github.com/dev-jpnobrega/workout-domain/src/contract/valueObject/data-value-result.go:45.74,52.2 2 0
github.com/dev-jpnobrega/workout-domain/src/entity/client.entity.go:22.32,24.2 1 0
github.com/dev-jpnobrega/workout-domain/src/entity/user.entity.go:17.31,19.2 1 0
github.com/dev-jpnobrega/workout-domain/test/fixures/client-repository.go:11.94,15.2 2 0
github.com/dev-jpnobrega/workout-domain/test/fixures/client-repository.go:17.98,20.2 1 1
github.com/dev-jpnobrega/workout-domain/test/fixures/client-repository.go:22.88,25.2 1 0
